Start testing: Feb 15 19:12 CST
----------------------------------------------------------
37/43 Testing: RetryableHttpClientTest.SuccessOnFirstAttempt
37/43 Test: RetryableHttpClientTest.SuccessOnFirstAttempt
Command: "/home/snow/stv-renew/build/tests/test_http_client" "--gtest_filter=RetryableHttpClientTest.SuccessOnFirstAttempt" "--gtest_also_run_disabled_tests"
Directory: /home/snow/stv-renew/build/tests
"RetryableHttpClientTest.SuccessOnFirstAttempt" start time: Feb 15 19:12 CST
Output:
----------------------------------------------------------
Running main() from /home/snow/stv-renew/build/_deps/googletest-src/googletest/src/gtest_main.cc
Note: Google Test filter = RetryableHttpClientTest.SuccessOnFirstAttempt
[==========] Running 1 test from 1 test suite.
[----------] Global test environment set-up.
[----------] 1 test from RetryableHttpClientTest
[ RUN      ] RetryableHttpClientTest.SuccessOnFirstAttempt
[       OK ] RetryableHttpClientTest.SuccessOnFirstAttempt (0 ms)
[----------] 1 test from RetryableHttpClientTest (0 ms total)

[----------] Global test environment tear-down
[==========] 1 test from 1 test suite ran. (0 ms total)
[  PASSED  ] 1 test.
<end of output>
Test time =   0.00 sec
----------------------------------------------------------
Test Passed.
"RetryableHttpClientTest.SuccessOnFirstAttempt" end time: Feb 15 19:12 CST
"RetryableHttpClientTest.SuccessOnFirstAttempt" time elapsed: 00:00:00
----------------------------------------------------------

38/43 Testing: RetryableHttpClientTest.SuccessOnSecondAttempt
38/43 Test: RetryableHttpClientTest.SuccessOnSecondAttempt
Command: "/home/snow/stv-renew/build/tests/test_http_client" "--gtest_filter=RetryableHttpClientTest.SuccessOnSecondAttempt" "--gtest_also_run_disabled_tests"
Directory: /home/snow/stv-renew/build/tests
"RetryableHttpClientTest.SuccessOnSecondAttempt" start time: Feb 15 19:12 CST
Output:
----------------------------------------------------------
Running main() from /home/snow/stv-renew/build/_deps/googletest-src/googletest/src/gtest_main.cc
Note: Google Test filter = RetryableHttpClientTest.SuccessOnSecondAttempt
[==========] Running 1 test from 1 test suite.
[----------] Global test environment set-up.
[----------] 1 test from RetryableHttpClientTest
[ RUN      ] RetryableHttpClientTest.SuccessOnSecondAttempt
[       OK ] RetryableHttpClientTest.SuccessOnSecondAttempt (0 ms)
[----------] 1 test from RetryableHttpClientTest (0 ms total)

[----------] Global test environment tear-down
[==========] 1 test from 1 test suite ran. (0 ms total)
[  PASSED  ] 1 test.
<end of output>
Test time =   0.00 sec
----------------------------------------------------------
Test Passed.
"RetryableHttpClientTest.SuccessOnSecondAttempt" end time: Feb 15 19:12 CST
"RetryableHttpClientTest.SuccessOnSecondAttempt" time elapsed: 00:00:00
----------------------------------------------------------

39/43 Testing: RetryableHttpClientTest.ExhaustedRetries
39/43 Test: RetryableHttpClientTest.ExhaustedRetries
Command: "/home/snow/stv-renew/build/tests/test_http_client" "--gtest_filter=RetryableHttpClientTest.ExhaustedRetries" "--gtest_also_run_disabled_tests"
Directory: /home/snow/stv-renew/build/tests
"RetryableHttpClientTest.ExhaustedRetries" start time: Feb 15 19:12 CST
Output:
----------------------------------------------------------
Running main() from /home/snow/stv-renew/build/_deps/googletest-src/googletest/src/gtest_main.cc
Note: Google Test filter = RetryableHttpClientTest.ExhaustedRetries
[==========] Running 1 test from 1 test suite.
[----------] Global test environment set-up.
[----------] 1 test from RetryableHttpClientTest
[ RUN      ] RetryableHttpClientTest.ExhaustedRetries
[       OK ] RetryableHttpClientTest.ExhaustedRetries (0 ms)
[----------] 1 test from RetryableHttpClientTest (0 ms total)

[----------] Global test environment tear-down
[==========] 1 test from 1 test suite ran. (0 ms total)
[  PASSED  ] 1 test.
<end of output>
Test time =   0.00 sec
----------------------------------------------------------
Test Passed.
"RetryableHttpClientTest.ExhaustedRetries" end time: Feb 15 19:12 CST
"RetryableHttpClientTest.ExhaustedRetries" time elapsed: 00:00:00
----------------------------------------------------------

40/43 Testing: RetryableHttpClientTest.NonRetryableError
40/43 Test: RetryableHttpClientTest.NonRetryableError
Command: "/home/snow/stv-renew/build/tests/test_http_client" "--gtest_filter=RetryableHttpClientTest.NonRetryableError" "--gtest_also_run_disabled_tests"
Directory: /home/snow/stv-renew/build/tests
"RetryableHttpClientTest.NonRetryableError" start time: Feb 15 19:12 CST
Output:
----------------------------------------------------------
Running main() from /home/snow/stv-renew/build/_deps/googletest-src/googletest/src/gtest_main.cc
Note: Google Test filter = RetryableHttpClientTest.NonRetryableError
[==========] Running 1 test from 1 test suite.
[----------] Global test environment set-up.
[----------] 1 test from RetryableHttpClientTest
[ RUN      ] RetryableHttpClientTest.NonRetryableError
[       OK ] RetryableHttpClientTest.NonRetryableError (0 ms)
[----------] 1 test from RetryableHttpClientTest (0 ms total)

[----------] Global test environment tear-down
[==========] 1 test from 1 test suite ran. (0 ms total)
[  PASSED  ] 1 test.
<end of output>
Test time =   0.00 sec
----------------------------------------------------------
Test Passed.
"RetryableHttpClientTest.NonRetryableError" end time: Feb 15 19:12 CST
"RetryableHttpClientTest.NonRetryableError" time elapsed: 00:00:00
----------------------------------------------------------

41/43 Testing: RetryableHttpClientTest.CanceledDuringBackoff
41/43 Test: RetryableHttpClientTest.CanceledDuringBackoff
Command: "/home/snow/stv-renew/build/tests/test_http_client" "--gtest_filter=RetryableHttpClientTest.CanceledDuringBackoff" "--gtest_also_run_disabled_tests"
Directory: /home/snow/stv-renew/build/tests
"RetryableHttpClientTest.CanceledDuringBackoff" start time: Feb 15 19:12 CST
Output:
----------------------------------------------------------
Running main() from /home/snow/stv-renew/build/_deps/googletest-src/googletest/src/gtest_main.cc
Note: Google Test filter = RetryableHttpClientTest.CanceledDuringBackoff
[==========] Running 1 test from 1 test suite.
[----------] Global test environment set-up.
[----------] 1 test from RetryableHttpClientTest
[ RUN      ] RetryableHttpClientTest.CanceledDuringBackoff
[       OK ] RetryableHttpClientTest.CanceledDuringBackoff (0 ms)
[----------] 1 test from RetryableHttpClientTest (0 ms total)

[----------] Global test environment tear-down
[==========] 1 test from 1 test suite ran. (0 ms total)
[  PASSED  ] 1 test.
<end of output>
Test time =   0.00 sec
----------------------------------------------------------
Test Passed.
"RetryableHttpClientTest.CanceledDuringBackoff" end time: Feb 15 19:12 CST
"RetryableHttpClientTest.CanceledDuringBackoff" time elapsed: 00:00:00
----------------------------------------------------------

42/43 Testing: RetryableHttpClientTest.ExponentialBackoff
42/43 Test: RetryableHttpClientTest.ExponentialBackoff
Command: "/home/snow/stv-renew/build/tests/test_http_client" "--gtest_filter=RetryableHttpClientTest.ExponentialBackoff" "--gtest_also_run_disabled_tests"
Directory: /home/snow/stv-renew/build/tests
"RetryableHttpClientTest.ExponentialBackoff" start time: Feb 15 19:12 CST
Output:
----------------------------------------------------------
Running main() from /home/snow/stv-renew/build/_deps/googletest-src/googletest/src/gtest_main.cc
Note: Google Test filter = RetryableHttpClientTest.ExponentialBackoff
[==========] Running 1 test from 1 test suite.
[----------] Global test environment set-up.
[----------] 1 test from RetryableHttpClientTest
[ RUN      ] RetryableHttpClientTest.ExponentialBackoff
[       OK ] RetryableHttpClientTest.ExponentialBackoff (0 ms)
[----------] 1 test from RetryableHttpClientTest (0 ms total)

[----------] Global test environment tear-down
[==========] 1 test from 1 test suite ran. (0 ms total)
[  PASSED  ] 1 test.
<end of output>
Test time =   0.00 sec
----------------------------------------------------------
Test Passed.
"RetryableHttpClientTest.ExponentialBackoff" end time: Feb 15 19:12 CST
"RetryableHttpClientTest.ExponentialBackoff" time elapsed: 00:00:00
----------------------------------------------------------

43/43 Testing: RetryableHttpClientTest.NullCancelToken
43/43 Test: RetryableHttpClientTest.NullCancelToken
Command: "/home/snow/stv-renew/build/tests/test_http_client" "--gtest_filter=RetryableHttpClientTest.NullCancelToken" "--gtest_also_run_disabled_tests"
Directory: /home/snow/stv-renew/build/tests
"RetryableHttpClientTest.NullCancelToken" start time: Feb 15 19:12 CST
Output:
----------------------------------------------------------
Running main() from /home/snow/stv-renew/build/_deps/googletest-src/googletest/src/gtest_main.cc
Note: Google Test filter = RetryableHttpClientTest.NullCancelToken
[==========] Running 1 test from 1 test suite.
[----------] Global test environment set-up.
[----------] 1 test from RetryableHttpClientTest
[ RUN      ] RetryableHttpClientTest.NullCancelToken
[       OK ] RetryableHttpClientTest.NullCancelToken (0 ms)
[----------] 1 test from RetryableHttpClientTest (0 ms total)

[----------] Global test environment tear-down
[==========] 1 test from 1 test suite ran. (0 ms total)
[  PASSED  ] 1 test.
<end of output>
Test time =   0.00 sec
----------------------------------------------------------
Test Passed.
"RetryableHttpClientTest.NullCancelToken" end time: Feb 15 19:12 CST
"RetryableHttpClientTest.NullCancelToken" time elapsed: 00:00:00
----------------------------------------------------------

End testing: Feb 15 19:12 CST
